<?xml version="1.0" encoding="UTF-8"?>
<!-- Generated by org.testng.reporters.JUnitReportReporter -->
<testsuite skipped="0" hostname="DESKTOP-TBB3A0B" name="test.DeleteCreatedWishListTest" tests="2" failures="0" timestamp="2020-07-26T21:07:50 CEST" time="10.127" errors="0">
  <testcase name="LoginAsUSER" time="10.050" classname="test.DeleteCreatedWishListTest"/>
  <system-out/>
  <testcase name="deleteWishListTest" time="0.077" classname="test.DeleteCreatedWishListTest"/>
  <system-out/>
</testsuite> <!-- test.DeleteCreatedWishListTest -->
